{"/home/user/Desktop/pexels/apps/server/src/app.controller.ts": {"path":"/home/user/Desktop/pexels/apps/server/src/app.controller.ts","statementMap":{"0":{"start":{"line":1,"column":0},"end":{"line":1,"column":49}},"1":{"start":{"line":2,"column":0},"end":{"line":2,"column":43}},"2":{"start":{"line":5,"column":7},"end":{"line":12,"column":null}},"3":{"start":{"line":6,"column":31},"end":{"line":6,"column":43}},"4":{"start":{"line":10,"column":4},"end":{"line":10,"column":38}},"5":{"start":{"line":5,"column":13},"end":{"line":5,"column":26}},"6":{"start":{"line":9,"column":2},"end":{"line":11,"column":null}},"7":{"start":{"line":5,"column":13},"end":{"line":12,"column":null}}},"fnMap":{"0":{"name":"(anonymous_2)","decl":{"start":{"line":6,"column":2},"end":{"line":6,"column":31}},"loc":{"start":{"line":6,"column":53},"end":{"line":6,"column":57}}},"1":{"name":"(anonymous_3)","decl":{"start":{"line":9,"column":2},"end":{"line":9,"column":10}},"loc":{"start":{"line":9,"column":10},"end":{"line":11,"column":3}}}},"branchMap":{},"s":{"0":1,"1":1,"2":1,"3":1,"4":1,"5":1,"6":1,"7":1},"f":{"0":1,"1":1},"b":{}}
,"/home/user/Desktop/pexels/apps/server/src/app.module.ts": {"path":"/home/user/Desktop/pexels/apps/server/src/app.module.ts","statementMap":{"0":{"start":{"line":1,"column":0},"end":{"line":1,"column":40}},"1":{"start":{"line":2,"column":0},"end":{"line":2,"column":49}},"2":{"start":{"line":3,"column":0},"end":{"line":3,"column":43}},"3":{"start":{"line":4,"column":0},"end":{"line":4,"column":54}},"4":{"start":{"line":5,"column":0},"end":{"line":5,"column":46}},"5":{"start":{"line":6,"column":0},"end":{"line":6,"column":51}},"6":{"start":{"line":18,"column":7},"end":{"line":18,"column":null}},"7":{"start":{"line":18,"column":13},"end":{"line":18,"column":22}},"8":{"start":{"line":18,"column":13},"end":{"line":18,"column":null}}},"fnMap":{},"branchMap":{},"s":{"0":0,"1":0,"2":0,"3":0,"4":0,"5":0,"6":0,"7":0,"8":0},"f":{},"b":{}}
,"/home/user/Desktop/pexels/apps/server/src/app.service.ts": {"path":"/home/user/Desktop/pexels/apps/server/src/app.service.ts","statementMap":{"0":{"start":{"line":1,"column":0},"end":{"line":1,"column":44}},"1":{"start":{"line":4,"column":7},"end":{"line":8,"column":null}},"2":{"start":{"line":6,"column":4},"end":{"line":6,"column":26}},"3":{"start":{"line":4,"column":13},"end":{"line":4,"column":23}},"4":{"start":{"line":4,"column":13},"end":{"line":8,"column":null}}},"fnMap":{"0":{"name":"(anonymous_1)","decl":{"start":{"line":5,"column":2},"end":{"line":5,"column":10}},"loc":{"start":{"line":5,"column":10},"end":{"line":7,"column":3}}}},"branchMap":{},"s":{"0":1,"1":1,"2":1,"3":1,"4":1},"f":{"0":1},"b":{}}
,"/home/user/Desktop/pexels/apps/server/src/main.ts": {"path":"/home/user/Desktop/pexels/apps/server/src/main.ts","statementMap":{"0":{"start":{"line":1,"column":0},"end":{"line":1,"column":43}},"1":{"start":{"line":2,"column":0},"end":{"line":2,"column":41}},"2":{"start":{"line":5,"column":14},"end":{"line":5,"column":49}},"3":{"start":{"line":6,"column":2},"end":{"line":6,"column":45}},"4":{"start":{"line":8,"column":0},"end":{"line":8,"column":12}}},"fnMap":{"0":{"name":"bootstrap","decl":{"start":{"line":4,"column":15},"end":{"line":4,"column":24}},"loc":{"start":{"line":4,"column":24},"end":{"line":7,"column":1}}}},"branchMap":{"0":{"loc":{"start":{"line":6,"column":19},"end":{"line":6,"column":43}},"type":"binary-expr","locations":[{"start":{"line":6,"column":19},"end":{"line":6,"column":35}},{"start":{"line":6,"column":39},"end":{"line":6,"column":43}}]}},"s":{"0":0,"1":0,"2":0,"3":0,"4":0},"f":{"0":0},"b":{"0":[0,0]}}
,"/home/user/Desktop/pexels/apps/server/src/config/configuration.ts": {"path":"/home/user/Desktop/pexels/apps/server/src/config/configuration.ts","statementMap":{"0":{"start":{"line":1,"column":0},"end":{"line":6,"column":3}},"1":{"start":{"line":1,"column":22},"end":{"line":6,"column":2}}},"fnMap":{"0":{"name":"(anonymous_0)","decl":{"start":{"line":1,"column":15},"end":{"line":1,"column":18}},"loc":{"start":{"line":1,"column":22},"end":{"line":6,"column":2}}}},"branchMap":{},"s":{"0":1,"1":38},"f":{"0":38},"b":{}}
,"/home/user/Desktop/pexels/apps/server/src/dto/pexels.request.dto.ts": {"path":"/home/user/Desktop/pexels/apps/server/src/dto/pexels.request.dto.ts","statementMap":{"0":{"start":{"line":13,"column":4},"end":{"line":13,"column":25}},"1":{"start":{"line":14,"column":4},"end":{"line":14,"column":23}},"2":{"start":{"line":15,"column":4},"end":{"line":15,"column":40}},"3":{"start":{"line":25,"column":4},"end":{"line":26,"column":77}},"4":{"start":{"line":26,"column":6},"end":{"line":26,"column":77}},"5":{"start":{"line":27,"column":4},"end":{"line":28,"column":78}},"6":{"start":{"line":28,"column":6},"end":{"line":28,"column":78}},"7":{"start":{"line":30,"column":4},"end":{"line":30,"column":23}},"8":{"start":{"line":34,"column":4},"end":{"line":34,"column":22}},"9":{"start":{"line":38,"column":4},"end":{"line":39,"column":75}},"10":{"start":{"line":39,"column":6},"end":{"line":39,"column":75}},"11":{"start":{"line":40,"column":4},"end":{"line":46,"column":8}},"12":{"start":{"line":44,"column":6},"end":{"line":46,"column":8}},"13":{"start":{"line":48,"column":4},"end":{"line":48,"column":21}},"14":{"start":{"line":52,"column":4},"end":{"line":52,"column":21}},"15":{"start":{"line":56,"column":4},"end":{"line":57,"column":75}},"16":{"start":{"line":57,"column":6},"end":{"line":57,"column":75}},"17":{"start":{"line":58,"column":4},"end":{"line":63,"column":8}},"18":{"start":{"line":59,"column":6},"end":{"line":63,"column":8}},"19":{"start":{"line":65,"column":4},"end":{"line":65,"column":21}},"20":{"start":{"line":69,"column":4},"end":{"line":69,"column":21}},"21":{"start":{"line":73,"column":4},"end":{"line":74,"column":77}},"22":{"start":{"line":74,"column":6},"end":{"line":74,"column":77}},"23":{"start":{"line":75,"column":4},"end":{"line":76,"column":78}},"24":{"start":{"line":76,"column":6},"end":{"line":76,"column":78}},"25":{"start":{"line":77,"column":4},"end":{"line":83,"column":8}},"26":{"start":{"line":81,"column":6},"end":{"line":83,"column":8}},"27":{"start":{"line":85,"column":4},"end":{"line":85,"column":25}},"28":{"start":{"line":89,"column":4},"end":{"line":89,"column":23}},"29":{"start":{"line":93,"column":4},"end":{"line":93,"column":23}},"30":{"start":{"line":94,"column":4},"end":{"line":94,"column":27}},"31":{"start":{"line":21,"column":25},"end":{"line":21,"column":55}},"32":{"start":{"line":22,"column":25},"end":{"line":22,"column":54}},"33":{"start":{"line":1,"column":21},"end":{"line":1,"column":null}}},"fnMap":{"0":{"name":"(anonymous_0)","decl":{"start":{"line":2,"column":2},"end":{"line":2,"column":14}},"loc":{"start":{"line":12,"column":3},"end":{"line":16,"column":3}}},"1":{"name":"(anonymous_1)","decl":{"start":{"line":24,"column":9},"end":{"line":24,"column":17}},"loc":{"start":{"line":24,"column":31},"end":{"line":31,"column":3}}},"2":{"name":"(anonymous_2)","decl":{"start":{"line":33,"column":9},"end":{"line":33,"column":17}},"loc":{"start":{"line":33,"column":17},"end":{"line":35,"column":3}}},"3":{"name":"(anonymous_3)","decl":{"start":{"line":37,"column":9},"end":{"line":37,"column":16}},"loc":{"start":{"line":37,"column":29},"end":{"line":49,"column":3}}},"4":{"name":"(anonymous_4)","decl":{"start":{"line":51,"column":9},"end":{"line":51,"column":16}},"loc":{"start":{"line":51,"column":16},"end":{"line":53,"column":3}}},"5":{"name":"(anonymous_5)","decl":{"start":{"line":55,"column":10},"end":{"line":55,"column":17}},"loc":{"start":{"line":55,"column":30},"end":{"line":66,"column":3}}},"6":{"name":"(anonymous_6)","decl":{"start":{"line":68,"column":9},"end":{"line":68,"column":16}},"loc":{"start":{"line":68,"column":16},"end":{"line":70,"column":3}}},"7":{"name":"(anonymous_7)","decl":{"start":{"line":72,"column":10},"end":{"line":72,"column":19}},"loc":{"start":{"line":72,"column":34},"end":{"line":86,"column":3}}},"8":{"name":"(anonymous_8)","decl":{"start":{"line":88,"column":9},"end":{"line":88,"column":18}},"loc":{"start":{"line":88,"column":18},"end":{"line":90,"column":3}}},"9":{"name":"(anonymous_9)","decl":{"start":{"line":92,"column":9},"end":{"line":92,"column":25}},"loc":{"start":{"line":92,"column":54},"end":{"line":95,"column":3}}}},"branchMap":{"0":{"loc":{"start":{"line":25,"column":4},"end":{"line":26,"column":77}},"type":"if","locations":[{"start":{"line":25,"column":4},"end":{"line":26,"column":77}}]},"1":{"loc":{"start":{"line":27,"column":4},"end":{"line":28,"column":78}},"type":"if","locations":[{"start":{"line":27,"column":4},"end":{"line":28,"column":78}}]},"2":{"loc":{"start":{"line":38,"column":4},"end":{"line":39,"column":75}},"type":"if","locations":[{"start":{"line":38,"column":4},"end":{"line":39,"column":75}}]},"3":{"loc":{"start":{"line":40,"column":4},"end":{"line":46,"column":8}},"type":"if","locations":[{"start":{"line":40,"column":4},"end":{"line":46,"column":8}}]},"4":{"loc":{"start":{"line":41,"column":6},"end":{"line":42,"column":47}},"type":"binary-expr","locations":[{"start":{"line":41,"column":6},"end":{"line":41,"column":46}},{"start":{"line":42,"column":6},"end":{"line":42,"column":47}}]},"5":{"loc":{"start":{"line":56,"column":4},"end":{"line":57,"column":75}},"type":"if","locations":[{"start":{"line":56,"column":4},"end":{"line":57,"column":75}}]},"6":{"loc":{"start":{"line":58,"column":4},"end":{"line":63,"column":8}},"type":"if","locations":[{"start":{"line":58,"column":4},"end":{"line":63,"column":8}}]},"7":{"loc":{"start":{"line":58,"column":8},"end":{"line":58,"column":61}},"type":"binary-expr","locations":[{"start":{"line":58,"column":8},"end":{"line":58,"column":16}},{"start":{"line":58,"column":20},"end":{"line":58,"column":61}}]},"8":{"loc":{"start":{"line":73,"column":4},"end":{"line":74,"column":77}},"type":"if","locations":[{"start":{"line":73,"column":4},"end":{"line":74,"column":77}}]},"9":{"loc":{"start":{"line":75,"column":4},"end":{"line":76,"column":78}},"type":"if","locations":[{"start":{"line":75,"column":4},"end":{"line":76,"column":78}}]},"10":{"loc":{"start":{"line":77,"column":4},"end":{"line":83,"column":8}},"type":"if","locations":[{"start":{"line":77,"column":4},"end":{"line":83,"column":8}}]},"11":{"loc":{"start":{"line":78,"column":6},"end":{"line":79,"column":60}},"type":"binary-expr","locations":[{"start":{"line":78,"column":6},"end":{"line":78,"column":60}},{"start":{"line":79,"column":6},"end":{"line":79,"column":60}}]}},"s":{"0":8,"1":7,"2":6,"3":8,"4":0,"5":8,"6":1,"7":7,"8":8,"9":7,"10":0,"11":7,"12":1,"13":6,"14":8,"15":6,"16":0,"17":6,"18":1,"19":5,"20":28,"21":5,"22":0,"23":5,"24":1,"25":4,"26":1,"27":3,"28":20,"29":6,"30":5,"31":1,"32":1,"33":1},"f":{"0":8,"1":8,"2":8,"3":7,"4":8,"5":6,"6":28,"7":5,"8":20,"9":6},"b":{"0":[0],"1":[1],"2":[0],"3":[1],"4":[7,7],"5":[0],"6":[1],"7":[6,6],"8":[0],"9":[1],"10":[1],"11":[4,4]}}
,"/home/user/Desktop/pexels/apps/server/src/dto/pexels.response.dto.ts": {"path":"/home/user/Desktop/pexels/apps/server/src/dto/pexels.response.dto.ts","statementMap":{"0":{"start":{"line":2,"column":10},"end":{"line":2,"column":42}},"1":{"start":{"line":8,"column":4},"end":{"line":11,"column":8}},"2":{"start":{"line":9,"column":6},"end":{"line":11,"column":8}},"3":{"start":{"line":12,"column":4},"end":{"line":12,"column":34}},"4":{"start":{"line":16,"column":4},"end":{"line":17,"column":74}},"5":{"start":{"line":17,"column":6},"end":{"line":17,"column":74}},"6":{"start":{"line":18,"column":4},"end":{"line":19,"column":78}},"7":{"start":{"line":19,"column":6},"end":{"line":19,"column":78}},"8":{"start":{"line":20,"column":4},"end":{"line":21,"column":73}},"9":{"start":{"line":21,"column":6},"end":{"line":21,"column":73}},"10":{"start":{"line":22,"column":4},"end":{"line":22,"column":30}},"11":{"start":{"line":26,"column":4},"end":{"line":26,"column":31}},"12":{"start":{"line":30,"column":4},"end":{"line":33,"column":8}},"13":{"start":{"line":31,"column":6},"end":{"line":33,"column":8}},"14":{"start":{"line":34,"column":4},"end":{"line":37,"column":8}},"15":{"start":{"line":35,"column":6},"end":{"line":37,"column":8}},"16":{"start":{"line":38,"column":4},"end":{"line":38,"column":31}},"17":{"start":{"line":42,"column":4},"end":{"line":42,"column":30}},"18":{"start":{"line":46,"column":4},"end":{"line":47,"column":80}},"19":{"start":{"line":47,"column":6},"end":{"line":47,"column":80}},"20":{"start":{"line":48,"column":4},"end":{"line":51,"column":8}},"21":{"start":{"line":49,"column":6},"end":{"line":51,"column":8}},"22":{"start":{"line":52,"column":4},"end":{"line":52,"column":26}},"23":{"start":{"line":56,"column":4},"end":{"line":59,"column":8}},"24":{"start":{"line":57,"column":6},"end":{"line":59,"column":8}},"25":{"start":{"line":60,"column":4},"end":{"line":60,"column":26}},"26":{"start":{"line":64,"column":4},"end":{"line":65,"column":80}},"27":{"start":{"line":65,"column":6},"end":{"line":65,"column":80}},"28":{"start":{"line":66,"column":4},"end":{"line":69,"column":8}},"29":{"start":{"line":67,"column":6},"end":{"line":69,"column":8}},"30":{"start":{"line":70,"column":4},"end":{"line":70,"column":26}},"31":{"start":{"line":74,"column":4},"end":{"line":77,"column":8}},"32":{"start":{"line":75,"column":6},"end":{"line":77,"column":8}},"33":{"start":{"line":78,"column":4},"end":{"line":78,"column":26}},"34":{"start":{"line":1,"column":0},"end":{"line":1,"column":21}},"35":{"start":{"line":84,"column":4},"end":{"line":84,"column":46}},"36":{"start":{"line":84,"column":29},"end":{"line":84,"column":46}},"37":{"start":{"line":85,"column":4},"end":{"line":85,"column":50}},"38":{"start":{"line":85,"column":27},"end":{"line":85,"column":50}},"39":{"start":{"line":86,"column":4},"end":{"line":86,"column":53}},"40":{"start":{"line":86,"column":28},"end":{"line":86,"column":53}},"41":{"start":{"line":87,"column":4},"end":{"line":87,"column":44}},"42":{"start":{"line":87,"column":25},"end":{"line":87,"column":44}},"43":{"start":{"line":88,"column":4},"end":{"line":88,"column":44}},"44":{"start":{"line":88,"column":25},"end":{"line":88,"column":44}},"45":{"start":{"line":89,"column":4},"end":{"line":91,"column":null}},"46":{"start":{"line":90,"column":6},"end":{"line":90,"column":39}},"47":{"start":{"line":82,"column":0},"end":{"line":82,"column":13}},"48":{"start":{"line":103,"column":4},"end":{"line":103,"column":59}},"49":{"start":{"line":103,"column":30},"end":{"line":103,"column":59}},"50":{"start":{"line":104,"column":4},"end":{"line":104,"column":56}},"51":{"start":{"line":104,"column":29},"end":{"line":104,"column":56}},"52":{"start":{"line":105,"column":4},"end":{"line":105,"column":50}},"53":{"start":{"line":105,"column":27},"end":{"line":105,"column":50}},"54":{"start":{"line":106,"column":4},"end":{"line":106,"column":53}},"55":{"start":{"line":106,"column":28},"end":{"line":106,"column":53}},"56":{"start":{"line":107,"column":4},"end":{"line":107,"column":50}},"57":{"start":{"line":107,"column":27},"end":{"line":107,"column":50}},"58":{"start":{"line":108,"column":4},"end":{"line":108,"column":59}},"59":{"start":{"line":108,"column":30},"end":{"line":108,"column":59}},"60":{"start":{"line":109,"column":4},"end":{"line":109,"column":62}},"61":{"start":{"line":109,"column":31},"end":{"line":109,"column":62}},"62":{"start":{"line":110,"column":4},"end":{"line":110,"column":47}},"63":{"start":{"line":110,"column":26},"end":{"line":110,"column":47}},"64":{"start":{"line":101,"column":0},"end":{"line":101,"column":13}}},"fnMap":{"0":{"name":"(anonymous_0)","decl":{"start":{"line":1,"column":0},"end":{"line":1,"column":21}},"loc":{"start":{"line":1,"column":0},"end":{"line":80,"column":1}}},"1":{"name":"(anonymous_1)","decl":{"start":{"line":7,"column":9},"end":{"line":7,"column":17}},"loc":{"start":{"line":7,"column":42},"end":{"line":13,"column":3}}},"2":{"name":"(anonymous_2)","decl":{"start":{"line":15,"column":9},"end":{"line":15,"column":17}},"loc":{"start":{"line":15,"column":31},"end":{"line":23,"column":3}}},"3":{"name":"(anonymous_3)","decl":{"start":{"line":25,"column":9},"end":{"line":25,"column":23}},"loc":{"start":{"line":25,"column":23},"end":{"line":27,"column":3}}},"4":{"name":"(anonymous_4)","decl":{"start":{"line":29,"column":9},"end":{"line":29,"column":24}},"loc":{"start":{"line":29,"column":38},"end":{"line":39,"column":3}}},"5":{"name":"(anonymous_5)","decl":{"start":{"line":41,"column":9},"end":{"line":41,"column":24}},"loc":{"start":{"line":41,"column":24},"end":{"line":43,"column":3}}},"6":{"name":"(anonymous_6)","decl":{"start":{"line":45,"column":9},"end":{"line":45,"column":20}},"loc":{"start":{"line":45,"column":33},"end":{"line":53,"column":3}}},"7":{"name":"(anonymous_7)","decl":{"start":{"line":55,"column":9},"end":{"line":55,"column":20}},"loc":{"start":{"line":55,"column":20},"end":{"line":61,"column":3}}},"8":{"name":"(anonymous_8)","decl":{"start":{"line":63,"column":9},"end":{"line":63,"column":20}},"loc":{"start":{"line":63,"column":33},"end":{"line":71,"column":3}}},"9":{"name":"(anonymous_9)","decl":{"start":{"line":73,"column":9},"end":{"line":73,"column":20}},"loc":{"start":{"line":73,"column":20},"end":{"line":79,"column":3}}},"10":{"name":"(anonymous_10)","decl":{"start":{"line":83,"column":2},"end":{"line":83,"column":14}},"loc":{"start":{"line":83,"column":22},"end":{"line":92,"column":3}}},"11":{"name":"(anonymous_11)","decl":{"start":{"line":102,"column":2},"end":{"line":102,"column":14}},"loc":{"start":{"line":102,"column":22},"end":{"line":111,"column":3}}}},"branchMap":{"0":{"loc":{"start":{"line":8,"column":4},"end":{"line":11,"column":8}},"type":"if","locations":[{"start":{"line":8,"column":4},"end":{"line":11,"column":8}}]},"1":{"loc":{"start":{"line":16,"column":4},"end":{"line":17,"column":74}},"type":"if","locations":[{"start":{"line":16,"column":4},"end":{"line":17,"column":74}}]},"2":{"loc":{"start":{"line":18,"column":4},"end":{"line":19,"column":78}},"type":"if","locations":[{"start":{"line":18,"column":4},"end":{"line":19,"column":78}}]},"3":{"loc":{"start":{"line":20,"column":4},"end":{"line":21,"column":73}},"type":"if","locations":[{"start":{"line":20,"column":4},"end":{"line":21,"column":73}}]},"4":{"loc":{"start":{"line":20,"column":8},"end":{"line":20,"column":48}},"type":"binary-expr","locations":[{"start":{"line":20,"column":8},"end":{"line":20,"column":17}},{"start":{"line":20,"column":21},"end":{"line":20,"column":48}}]},"5":{"loc":{"start":{"line":30,"column":4},"end":{"line":33,"column":8}},"type":"if","locations":[{"start":{"line":30,"column":4},"end":{"line":33,"column":8}}]},"6":{"loc":{"start":{"line":34,"column":4},"end":{"line":37,"column":8}},"type":"if","locations":[{"start":{"line":34,"column":4},"end":{"line":37,"column":8}}]},"7":{"loc":{"start":{"line":46,"column":4},"end":{"line":47,"column":80}},"type":"if","locations":[{"start":{"line":46,"column":4},"end":{"line":47,"column":80}}]},"8":{"loc":{"start":{"line":48,"column":4},"end":{"line":51,"column":8}},"type":"if","locations":[{"start":{"line":48,"column":4},"end":{"line":51,"column":8}}]},"9":{"loc":{"start":{"line":56,"column":4},"end":{"line":59,"column":8}},"type":"if","locations":[{"start":{"line":56,"column":4},"end":{"line":59,"column":8}}]},"10":{"loc":{"start":{"line":64,"column":4},"end":{"line":65,"column":80}},"type":"if","locations":[{"start":{"line":64,"column":4},"end":{"line":65,"column":80}}]},"11":{"loc":{"start":{"line":66,"column":4},"end":{"line":69,"column":8}},"type":"if","locations":[{"start":{"line":66,"column":4},"end":{"line":69,"column":8}}]},"12":{"loc":{"start":{"line":74,"column":4},"end":{"line":77,"column":8}},"type":"if","locations":[{"start":{"line":74,"column":4},"end":{"line":77,"column":8}}]},"13":{"loc":{"start":{"line":84,"column":4},"end":{"line":84,"column":46}},"type":"if","locations":[{"start":{"line":84,"column":4},"end":{"line":84,"column":46}}]},"14":{"loc":{"start":{"line":85,"column":4},"end":{"line":85,"column":50}},"type":"if","locations":[{"start":{"line":85,"column":4},"end":{"line":85,"column":50}}]},"15":{"loc":{"start":{"line":86,"column":4},"end":{"line":86,"column":53}},"type":"if","locations":[{"start":{"line":86,"column":4},"end":{"line":86,"column":53}}]},"16":{"loc":{"start":{"line":87,"column":4},"end":{"line":87,"column":44}},"type":"if","locations":[{"start":{"line":87,"column":4},"end":{"line":87,"column":44}}]},"17":{"loc":{"start":{"line":88,"column":4},"end":{"line":88,"column":44}},"type":"if","locations":[{"start":{"line":88,"column":4},"end":{"line":88,"column":44}}]},"18":{"loc":{"start":{"line":89,"column":4},"end":{"line":91,"column":null}},"type":"if","locations":[{"start":{"line":89,"column":4},"end":{"line":91,"column":null}}]},"19":{"loc":{"start":{"line":103,"column":4},"end":{"line":103,"column":59}},"type":"if","locations":[{"start":{"line":103,"column":4},"end":{"line":103,"column":59}}]},"20":{"loc":{"start":{"line":104,"column":4},"end":{"line":104,"column":56}},"type":"if","locations":[{"start":{"line":104,"column":4},"end":{"line":104,"column":56}}]},"21":{"loc":{"start":{"line":105,"column":4},"end":{"line":105,"column":50}},"type":"if","locations":[{"start":{"line":105,"column":4},"end":{"line":105,"column":50}}]},"22":{"loc":{"start":{"line":106,"column":4},"end":{"line":106,"column":53}},"type":"if","locations":[{"start":{"line":106,"column":4},"end":{"line":106,"column":53}}]},"23":{"loc":{"start":{"line":107,"column":4},"end":{"line":107,"column":50}},"type":"if","locations":[{"start":{"line":107,"column":4},"end":{"line":107,"column":50}}]},"24":{"loc":{"start":{"line":108,"column":4},"end":{"line":108,"column":59}},"type":"if","locations":[{"start":{"line":108,"column":4},"end":{"line":108,"column":59}}]},"25":{"loc":{"start":{"line":109,"column":4},"end":{"line":109,"column":62}},"type":"if","locations":[{"start":{"line":109,"column":4},"end":{"line":109,"column":62}}]},"26":{"loc":{"start":{"line":110,"column":4},"end":{"line":110,"column":47}},"type":"if","locations":[{"start":{"line":110,"column":4},"end":{"line":110,"column":47}}]}},"s":{"0":9,"1":12,"2":0,"3":12,"4":6,"5":1,"6":5,"7":0,"8":5,"9":2,"10":3,"11":0,"12":9,"13":0,"14":9,"15":1,"16":8,"17":0,"18":5,"19":0,"20":5,"21":1,"22":4,"23":2,"24":1,"25":1,"26":9,"27":0,"28":9,"29":1,"30":8,"31":3,"32":2,"33":1,"34":1,"35":12,"36":12,"37":12,"38":12,"39":12,"40":12,"41":12,"42":12,"43":12,"44":12,"45":12,"46":12,"47":1,"48":12,"49":12,"50":12,"51":12,"52":12,"53":12,"54":12,"55":12,"56":12,"57":12,"58":12,"59":12,"60":12,"61":12,"62":12,"63":12,"64":1},"f":{"0":9,"1":12,"2":6,"3":0,"4":9,"5":0,"6":5,"7":2,"8":9,"9":3,"10":12,"11":12},"b":{"0":[0],"1":[1],"2":[0],"3":[2],"4":[5,4],"5":[0],"6":[1],"7":[0],"8":[1],"9":[1],"10":[0],"11":[1],"12":[2],"13":[12],"14":[12],"15":[12],"16":[12],"17":[12],"18":[12],"19":[12],"20":[12],"21":[12],"22":[12],"23":[12],"24":[12],"25":[12],"26":[12]}}
,"/home/user/Desktop/pexels/apps/server/src/pexels/pexels.controller.ts": {"path":"/home/user/Desktop/pexels/apps/server/src/pexels/pexels.controller.ts","statementMap":{"0":{"start":{"line":1,"column":0},"end":{"line":1,"column":49}},"1":{"start":{"line":2,"column":0},"end":{"line":2,"column":49}},"2":{"start":{"line":4,"column":0},"end":{"line":4,"column":57}},"3":{"start":{"line":7,"column":7},"end":{"line":19,"column":null}},"4":{"start":{"line":8,"column":31},"end":{"line":8,"column":45}},"5":{"start":{"line":11,"column":44},"end":{"line":16,"column":6}},"6":{"start":{"line":17,"column":4},"end":{"line":17,"column":55}},"7":{"start":{"line":7,"column":13},"end":{"line":7,"column":29}},"8":{"start":{"line":10,"column":8},"end":{"line":18,"column":null}},"9":{"start":{"line":7,"column":13},"end":{"line":19,"column":null}}},"fnMap":{"0":{"name":"(anonymous_2)","decl":{"start":{"line":8,"column":2},"end":{"line":8,"column":31}},"loc":{"start":{"line":8,"column":58},"end":{"line":8,"column":62}}},"1":{"name":"(anonymous_3)","decl":{"start":{"line":10,"column":2},"end":{"line":10,"column":7}},"loc":{"start":{"line":10,"column":16},"end":{"line":18,"column":3}}}},"branchMap":{},"s":{"0":1,"1":1,"2":1,"3":1,"4":19,"5":0,"6":0,"7":1,"8":1,"9":1},"f":{"0":19,"1":0},"b":{}}
,"/home/user/Desktop/pexels/apps/server/src/pexels/pexels.module.ts": {"path":"/home/user/Desktop/pexels/apps/server/src/pexels/pexels.module.ts","statementMap":{"0":{"start":{"line":1,"column":0},"end":{"line":1,"column":40}},"1":{"start":{"line":2,"column":0},"end":{"line":2,"column":49}},"2":{"start":{"line":3,"column":0},"end":{"line":3,"column":55}},"3":{"start":{"line":4,"column":0},"end":{"line":4,"column":52}},"4":{"start":{"line":6,"column":0},"end":{"line":6,"column":61}},"5":{"start":{"line":7,"column":0},"end":{"line":7,"column":54}},"6":{"start":{"line":8,"column":0},"end":{"line":8,"column":52}},"7":{"start":{"line":28,"column":7},"end":{"line":28,"column":null}},"8":{"start":{"line":28,"column":13},"end":{"line":28,"column":25}},"9":{"start":{"line":28,"column":13},"end":{"line":28,"column":null}},"10":{"start":{"line":17,"column":59},"end":{"line":21,"column":8}}},"fnMap":{"0":{"name":"(anonymous_1)","decl":{"start":{"line":17,"column":18},"end":{"line":17,"column":23}},"loc":{"start":{"line":17,"column":59},"end":{"line":21,"column":8}}}},"branchMap":{},"s":{"0":1,"1":1,"2":1,"3":1,"4":1,"5":1,"6":1,"7":1,"8":1,"9":1,"10":19},"f":{"0":19},"b":{}}
,"/home/user/Desktop/pexels/apps/server/src/pexels/pexels.service.ts": {"path":"/home/user/Desktop/pexels/apps/server/src/pexels/pexels.service.ts","statementMap":{"0":{"start":{"line":1,"column":0},"end":{"line":1,"column":52}},"1":{"start":{"line":3,"column":0},"end":{"line":3,"column":54}},"2":{"start":{"line":4,"column":0},"end":{"line":4,"column":76}},"3":{"start":{"line":5,"column":0},"end":{"line":5,"column":57}},"4":{"start":{"line":6,"column":0},"end":{"line":6,"column":47}},"5":{"start":{"line":9,"column":7},"end":{"line":79,"column":null}},"6":{"start":{"line":17,"column":4},"end":{"line":17,"column":37}},"7":{"start":{"line":18,"column":4},"end":{"line":18,"column":63}},"8":{"start":{"line":22,"column":4},"end":{"line":30,"column":6}},"9":{"start":{"line":37,"column":24},"end":{"line":37,"column":80}},"10":{"start":{"line":38,"column":30},"end":{"line":38,"column":62}},"11":{"start":{"line":39,"column":4},"end":{"line":54,"column":null}},"12":{"start":{"line":40,"column":6},"end":{"line":40,"column":32}},"13":{"start":{"line":41,"column":6},"end":{"line":41,"column":33}},"14":{"start":{"line":43,"column":33},"end":{"line":45,"column":null}},"15":{"start":{"line":47,"column":6},"end":{"line":53,"column":null}},"16":{"start":{"line":48,"column":8},"end":{"line":48,"column":32}},"17":{"start":{"line":49,"column":8},"end":{"line":49,"column":36}},"18":{"start":{"line":50,"column":8},"end":{"line":50,"column":56}},"19":{"start":{"line":52,"column":8},"end":{"line":52,"column":70}},"20":{"start":{"line":56,"column":40},"end":{"line":56,"column":63}},"21":{"start":{"line":57,"column":4},"end":{"line":57,"column":48}},"22":{"start":{"line":58,"column":4},"end":{"line":61,"column":8}},"23":{"start":{"line":59,"column":6},"end":{"line":61,"column":8}},"24":{"start":{"line":62,"column":4},"end":{"line":65,"column":8}},"25":{"start":{"line":63,"column":6},"end":{"line":65,"column":8}},"26":{"start":{"line":66,"column":4},"end":{"line":72,"column":null}},"27":{"start":{"line":67,"column":22},"end":{"line":67,"column":45}},"28":{"start":{"line":71,"column":6},"end":{"line":71,"column":56}},"29":{"start":{"line":74,"column":4},"end":{"line":74,"column":20}},"30":{"start":{"line":9,"column":13},"end":{"line":9,"column":26}},"31":{"start":{"line":9,"column":13},"end":{"line":79,"column":null}}},"fnMap":{"0":{"name":"(anonymous_4)","decl":{"start":{"line":13,"column":2},"end":{"line":13,"column":null}},"loc":{"start":{"line":15,"column":32},"end":{"line":19,"column":3}}},"1":{"name":"(anonymous_5)","decl":{"start":{"line":21,"column":10},"end":{"line":21,"column":15}},"loc":{"start":{"line":21,"column":55},"end":{"line":31,"column":3}}},"2":{"name":"(anonymous_6)","decl":{"start":{"line":33,"column":9},"end":{"line":33,"column":14}},"loc":{"start":{"line":34,"column":35},"end":{"line":78,"column":3}}}},"branchMap":{"0":{"loc":{"start":{"line":39,"column":4},"end":{"line":54,"column":null}},"type":"if","locations":[{"start":{"line":39,"column":4},"end":{"line":54,"column":null}},{"start":{"line":42,"column":11},"end":{"line":54,"column":null}}]},"1":{"loc":{"start":{"line":47,"column":6},"end":{"line":53,"column":null}},"type":"if","locations":[{"start":{"line":47,"column":6},"end":{"line":53,"column":null}},{"start":{"line":51,"column":13},"end":{"line":53,"column":null}}]},"2":{"loc":{"start":{"line":58,"column":4},"end":{"line":61,"column":8}},"type":"if","locations":[{"start":{"line":58,"column":4},"end":{"line":61,"column":8}}]},"3":{"loc":{"start":{"line":62,"column":4},"end":{"line":65,"column":8}},"type":"if","locations":[{"start":{"line":62,"column":4},"end":{"line":65,"column":8}}]}},"s":{"0":1,"1":1,"2":1,"3":1,"4":1,"5":1,"6":38,"7":38,"8":0,"9":8,"10":8,"11":8,"12":8,"13":8,"14":0,"15":0,"16":0,"17":0,"18":0,"19":0,"20":8,"21":8,"22":8,"23":4,"24":8,"25":8,"26":8,"27":8,"28":12,"29":8,"30":1,"31":1},"f":{"0":38,"1":0,"2":8},"b":{"0":[8,0],"1":[0,0],"2":[4],"3":[8]}}
}
