TN:
SF:src/app.controller.ts
FN:6,(anonymous_2)
FN:9,(anonymous_3)
FNF:2
FNH:2
FNDA:1,(anonymous_2)
FNDA:1,(anonymous_3)
DA:1,1
DA:2,1
DA:5,1
DA:6,1
DA:9,1
DA:10,1
LF:6
LH:6
BRF:0
BRH:0
end_of_record
TN:
SF:src/app.module.ts
FNF:0
FNH:0
DA:1,0
DA:2,0
DA:3,0
DA:4,0
DA:5,0
DA:6,0
DA:18,0
LF:7
LH:0
BRF:0
BRH:0
end_of_record
TN:
SF:src/app.service.ts
FN:5,(anonymous_1)
FNF:1
FNH:1
FNDA:1,(anonymous_1)
DA:1,1
DA:4,1
DA:6,1
LF:3
LH:3
BRF:0
BRH:0
end_of_record
TN:
SF:src/main.ts
FN:4,bootstrap
FNF:1
FNH:0
FNDA:0,bootstrap
DA:1,0
DA:2,0
DA:5,0
DA:6,0
DA:8,0
LF:5
LH:0
BRDA:6,0,0,0
BRDA:6,0,1,0
BRF:2
BRH:0
end_of_record
TN:
SF:src/config/configuration.ts
FN:1,(anonymous_0)
FNF:1
FNH:1
FNDA:38,(anonymous_0)
DA:1,38
LF:1
LH:1
BRF:0
BRH:0
end_of_record
TN:
SF:src/dto/pexels.request.dto.ts
FN:2,(anonymous_0)
FN:24,(anonymous_1)
FN:33,(anonymous_2)
FN:37,(anonymous_3)
FN:51,(anonymous_4)
FN:55,(anonymous_5)
FN:68,(anonymous_6)
FN:72,(anonymous_7)
FN:88,(anonymous_8)
FN:92,(anonymous_9)
FNF:10
FNH:10
FNDA:8,(anonymous_0)
FNDA:8,(anonymous_1)
FNDA:8,(anonymous_2)
FNDA:7,(anonymous_3)
FNDA:8,(anonymous_4)
FNDA:6,(anonymous_5)
FNDA:28,(anonymous_6)
FNDA:5,(anonymous_7)
FNDA:20,(anonymous_8)
FNDA:6,(anonymous_9)
DA:1,1
DA:13,8
DA:14,7
DA:15,6
DA:21,1
DA:22,1
DA:25,8
DA:26,0
DA:27,8
DA:28,1
DA:30,7
DA:34,8
DA:38,7
DA:39,0
DA:40,7
DA:44,1
DA:48,6
DA:52,8
DA:56,6
DA:57,0
DA:58,6
DA:59,1
DA:65,5
DA:69,28
DA:73,5
DA:74,0
DA:75,5
DA:76,1
DA:77,4
DA:81,1
DA:85,3
DA:89,20
DA:93,6
DA:94,5
LF:34
LH:30
BRDA:25,0,0,0
BRDA:27,1,0,1
BRDA:38,2,0,0
BRDA:40,3,0,1
BRDA:41,4,0,7
BRDA:41,4,1,7
BRDA:56,5,0,0
BRDA:58,6,0,1
BRDA:58,7,0,6
BRDA:58,7,1,6
BRDA:73,8,0,0
BRDA:75,9,0,1
BRDA:77,10,0,1
BRDA:78,11,0,4
BRDA:78,11,1,4
BRF:15
BRH:11
end_of_record
TN:
SF:src/dto/pexels.response.dto.ts
FN:1,(anonymous_0)
FN:7,(anonymous_1)
FN:15,(anonymous_2)
FN:25,(anonymous_3)
FN:29,(anonymous_4)
FN:41,(anonymous_5)
FN:45,(anonymous_6)
FN:55,(anonymous_7)
FN:63,(anonymous_8)
FN:73,(anonymous_9)
FN:83,(anonymous_10)
FN:102,(anonymous_11)
FNF:12
FNH:10
FNDA:9,(anonymous_0)
FNDA:12,(anonymous_1)
FNDA:6,(anonymous_2)
FNDA:0,(anonymous_3)
FNDA:9,(anonymous_4)
FNDA:0,(anonymous_5)
FNDA:5,(anonymous_6)
FNDA:2,(anonymous_7)
FNDA:9,(anonymous_8)
FNDA:3,(anonymous_9)
FNDA:12,(anonymous_10)
FNDA:12,(anonymous_11)
DA:1,1
DA:2,9
DA:8,12
DA:9,0
DA:12,12
DA:16,6
DA:17,1
DA:18,5
DA:19,0
DA:20,5
DA:21,2
DA:22,3
DA:26,0
DA:30,9
DA:31,0
DA:34,9
DA:35,1
DA:38,8
DA:42,0
DA:46,5
DA:47,0
DA:48,5
DA:49,1
DA:52,4
DA:56,2
DA:57,1
DA:60,1
DA:64,9
DA:65,0
DA:66,9
DA:67,1
DA:70,8
DA:74,3
DA:75,2
DA:78,1
DA:82,1
DA:84,12
DA:85,12
DA:86,12
DA:87,12
DA:88,12
DA:89,12
DA:90,12
DA:101,1
DA:103,12
DA:104,12
DA:105,12
DA:106,12
DA:107,12
DA:108,12
DA:109,12
DA:110,12
LF:52
LH:45
BRDA:8,0,0,0
BRDA:16,1,0,1
BRDA:18,2,0,0
BRDA:20,3,0,2
BRDA:20,4,0,5
BRDA:20,4,1,4
BRDA:30,5,0,0
BRDA:34,6,0,1
BRDA:46,7,0,0
BRDA:48,8,0,1
BRDA:56,9,0,1
BRDA:64,10,0,0
BRDA:66,11,0,1
BRDA:74,12,0,2
BRDA:84,13,0,12
BRDA:85,14,0,12
BRDA:86,15,0,12
BRDA:87,16,0,12
BRDA:88,17,0,12
BRDA:89,18,0,12
BRDA:103,19,0,12
BRDA:104,20,0,12
BRDA:105,21,0,12
BRDA:106,22,0,12
BRDA:107,23,0,12
BRDA:108,24,0,12
BRDA:109,25,0,12
BRDA:110,26,0,12
BRF:28
BRH:23
end_of_record
TN:
SF:src/pexels/pexels.controller.ts
FN:8,(anonymous_2)
FN:10,(anonymous_3)
FNF:2
FNH:1
FNDA:19,(anonymous_2)
FNDA:0,(anonymous_3)
DA:1,1
DA:2,1
DA:4,1
DA:7,1
DA:8,19
DA:10,1
DA:11,0
DA:17,0
LF:8
LH:6
BRF:0
BRH:0
end_of_record
TN:
SF:src/pexels/pexels.module.ts
FN:17,(anonymous_1)
FNF:1
FNH:1
FNDA:19,(anonymous_1)
DA:1,1
DA:2,1
DA:3,1
DA:4,1
DA:6,1
DA:7,1
DA:8,1
DA:17,19
DA:28,1
LF:9
LH:9
BRF:0
BRH:0
end_of_record
TN:
SF:src/pexels/pexels.service.ts
FN:13,(anonymous_4)
FN:21,(anonymous_5)
FN:33,(anonymous_6)
FNF:3
FNH:2
FNDA:38,(anonymous_4)
FNDA:0,(anonymous_5)
FNDA:8,(anonymous_6)
DA:1,1
DA:3,1
DA:4,1
DA:5,1
DA:6,1
DA:9,1
DA:17,38
DA:18,38
DA:22,0
DA:37,8
DA:38,8
DA:39,8
DA:40,8
DA:41,8
DA:43,0
DA:47,0
DA:48,0
DA:49,0
DA:50,0
DA:52,0
DA:56,8
DA:57,8
DA:58,8
DA:59,4
DA:62,8
DA:63,8
DA:66,8
DA:67,8
DA:71,12
DA:74,8
LF:30
LH:23
BRDA:39,0,0,8
BRDA:39,0,1,0
BRDA:47,1,0,0
BRDA:47,1,1,0
BRDA:58,2,0,4
BRDA:62,3,0,8
BRF:6
BRH:3
end_of_record
